

================================================================
== Vitis HLS Report for 'dot_prod_2b'
================================================================
* Date:           Mon Oct 21 05:53:43 2024

* Version:        2021.2 (Build 3367213 on Tue Oct 19 02:47:39 MDT 2021)
* Project:        dot_prod_2b
* Solution:       solution (Vitis Kernel Flow Target)
* Product family: virtexuplus
* Target device:  xcvu9p-flgb2104-2-i


================================================================
== Performance Estimates
================================================================
+ Timing: 
    * Summary: 
    +--------+---------+----------+------------+
    |  Clock |  Target | Estimated| Uncertainty|
    +--------+---------+----------+------------+
    |ap_clk  |  4.00 ns|  2.920 ns|     1.08 ns|
    +--------+---------+----------+------------+

+ Latency: 
    * Summary: 
    +---------+---------+----------+----------+-----+-----+---------+
    |  Latency (cycles) |  Latency (absolute) |  Interval | Pipeline|
    |   min   |   max   |    min   |    max   | min | max |   Type  |
    +---------+---------+----------+----------+-----+-----+---------+
    |      237|      237|  0.948 us|  0.948 us|  238|  238|       no|
    +---------+---------+----------+----------+-----+-----+---------+

    + Detail: 
        * Instance: 
        +-------------------------------------------------+--------------------------------------+---------+---------+-----------+-----------+-----+-----+---------+
        |                                                 |                                      |  Latency (cycles) |   Latency (absolute)  |  Interval | Pipeline|
        |                     Instance                    |                Module                |   min   |   max   |    min    |    max    | min | max |   Type  |
        +-------------------------------------------------+--------------------------------------+---------+---------+-----------+-----------+-----+-----+---------+
        |grp_dot_prod_2b_Pipeline_VITIS_LOOP_38_1_fu_120  |dot_prod_2b_Pipeline_VITIS_LOOP_38_1  |      147|      147|   0.588 us|   0.588 us|  147|  147|       no|
        |grp_dot_prod_2b_Pipeline_VITIS_LOOP_60_3_fu_130  |dot_prod_2b_Pipeline_VITIS_LOOP_60_3  |       18|       18|  72.000 ns|  72.000 ns|   18|   18|       no|
        +-------------------------------------------------+--------------------------------------+---------+---------+-----------+-----------+-----+-----+---------+

        * Loop: 
        N/A



================================================================
== Utilization Estimates
================================================================
* Summary: 
+---------------------+---------+------+---------+---------+-----+
|         Name        | BRAM_18K|  DSP |    FF   |   LUT   | URAM|
+---------------------+---------+------+---------+---------+-----+
|DSP                  |        -|     -|        -|        -|    -|
|Expression           |        -|     -|        0|       10|    -|
|FIFO                 |        -|     -|        -|        -|    -|
|Instance             |       30|    48|     6203|     3592|    0|
|Memory               |        0|     -|       32|       33|    0|
|Multiplexer          |        -|     -|        -|      447|    -|
|Register             |        -|     -|      256|        -|    -|
+---------------------+---------+------+---------+---------+-----+
|Total                |       30|    48|     6491|     4082|    0|
+---------------------+---------+------+---------+---------+-----+
|Available SLR        |     1440|  2280|   788160|   394080|  320|
+---------------------+---------+------+---------+---------+-----+
|Utilization SLR (%)  |        2|     2|       ~0|        1|    0|
+---------------------+---------+------+---------+---------+-----+
|Available            |     4320|  6840|  2364480|  1182240|  960|
+---------------------+---------+------+---------+---------+-----+
|Utilization (%)      |       ~0|    ~0|       ~0|       ~0|    0|
+---------------------+---------+------+---------+---------+-----+

+ Detail: 
    * Instance: 
    +-------------------------------------------------+--------------------------------------+---------+----+------+------+-----+
    |                     Instance                    |                Module                | BRAM_18K| DSP|  FF  |  LUT | URAM|
    +-------------------------------------------------+--------------------------------------+---------+----+------+------+-----+
    |control_s_axi_U                                  |control_s_axi                         |        0|   0|   291|   490|    0|
    |grp_dot_prod_2b_Pipeline_VITIS_LOOP_38_1_fu_120  |dot_prod_2b_Pipeline_VITIS_LOOP_38_1  |        0|  48|  4457|  1403|    0|
    |grp_dot_prod_2b_Pipeline_VITIS_LOOP_60_3_fu_130  |dot_prod_2b_Pipeline_VITIS_LOOP_60_3  |        0|   0|    40|   114|    0|
    |gmem_m_axi_U                                     |gmem_m_axi                            |       30|   0|  1415|  1585|    0|
    +-------------------------------------------------+--------------------------------------+---------+----+------+------+-----+
    |Total                                            |                                      |       30|  48|  6203|  3592|    0|
    +-------------------------------------------------+--------------------------------------+---------+----+------+------+-----+

    * DSP: 
    N/A

    * Memory: 
    +---------------+---------------------------+---------+----+----+-----+------+-----+------+-------------+
    |     Memory    |           Module          | BRAM_18K| FF | LUT| URAM| Words| Bits| Banks| W*Bits*Banks|
    +---------------+---------------------------+---------+----+----+-----+------+-----+------+-------------+
    |temp_buffer_U  |temp_buffer_RAM_AUTO_1R1W  |        0|  32|  33|    0|    16|   32|     1|          512|
    +---------------+---------------------------+---------+----+----+-----+------+-----+------+-------------+
    |Total          |                           |        0|  32|  33|    0|    16|   32|     1|          512|
    +---------------+---------------------------+---------+----+----+-----+------+-----+------+-------------+

    * FIFO: 
    N/A

    * Expression: 
    +-----------------------+----------+----+---+----+------------+------------+
    |     Variable Name     | Operation| DSP| FF| LUT| Bitwidth P0| Bitwidth P1|
    +-----------------------+----------+----+---+----+------------+------------+
    |ap_ext_blocking_cur_n  |       and|   0|  0|   2|           1|           1|
    |ap_ext_blocking_n      |       and|   0|  0|   2|           1|           1|
    |ap_int_blocking_n      |       and|   0|  0|   2|           1|           2|
    |ap_str_blocking_n      |       and|   0|  0|   2|           1|           2|
    |ap_block_state1        |        or|   0|  0|   2|           1|           1|
    +-----------------------+----------+----+---+----+------------+------------+
    |Total                  |          |   0|  0|  10|           5|           7|
    +-----------------------+----------+----+---+----+------------+------------+

    * Multiplexer: 
    +----------------------+-----+-----------+-----+-----------+
    |         Name         | LUT | Input Size| Bits| Total Bits|
    +----------------------+-----+-----------+-----+-----------+
    |ap_NS_fsm             |  338|         74|    1|         74|
    |ap_done               |    9|          2|    1|          2|
    |gmem_ARVALID          |    9|          2|    1|          2|
    |gmem_RREADY           |    9|          2|    1|          2|
    |gmem_blk_n_AW         |    9|          2|    1|          2|
    |gmem_blk_n_B          |    9|          2|    1|          2|
    |gmem_blk_n_W          |    9|          2|    1|          2|
    |temp_buffer_address0  |   14|          3|    4|         12|
    |temp_buffer_ce0       |   14|          3|    1|          3|
    |temp_buffer_ce1       |    9|          2|    1|          2|
    |temp_buffer_we0       |    9|          2|    1|          2|
    |temp_buffer_we1       |    9|          2|    1|          2|
    +----------------------+-----+-----------+-----+-----------+
    |Total                 |  447|         98|   15|        107|
    +----------------------+-----+-----------+-----+-----------+

    * Register: 
    +--------------------------------------------------------------+----+----+-----+-----------+
    |                             Name                             | FF | LUT| Bits| Const Bits|
    +--------------------------------------------------------------+----+----+-----+-----------+
    |ap_CS_fsm                                                     |  73|   0|   73|          0|
    |ap_done_reg                                                   |   1|   0|    1|          0|
    |ap_ext_blocking_n_reg                                         |   1|   0|    1|          0|
    |ap_int_blocking_n_reg                                         |   1|   0|    1|          0|
    |ap_rst_n_inv                                                  |   1|   0|    1|          0|
    |ap_rst_reg_1                                                  |   1|   0|    1|          0|
    |ap_rst_reg_2                                                  |   1|   0|    1|          0|
    |ap_str_blocking_n_reg                                         |   1|   0|    1|          0|
    |grp_dot_prod_2b_Pipeline_VITIS_LOOP_38_1_fu_120_ap_start_reg  |   1|   0|    1|          0|
    |grp_dot_prod_2b_Pipeline_VITIS_LOOP_60_3_fu_130_ap_start_reg  |   1|   0|    1|          0|
    |trunc_ln38_1_reg_197                                          |  58|   0|   58|          0|
    |trunc_ln3_reg_202                                             |  58|   0|   58|          0|
    |trunc_ln_reg_192                                              |  58|   0|   58|          0|
    +--------------------------------------------------------------+----+----+-----+-----------+
    |Total                                                         | 256|   0|  256|          0|
    +--------------------------------------------------------------+----+----+-----+-----------+



================================================================
== Interface
================================================================
* Summary: 
+-----------------------+-----+-----+---------------+--------------+--------------+
|       RTL Ports       | Dir | Bits|    Protocol   | Source Object|    C Type    |
+-----------------------+-----+-----+---------------+--------------+--------------+
|s_axi_control_AWVALID  |   in|    1|          s_axi|       control|        scalar|
|s_axi_control_AWREADY  |  out|    1|          s_axi|       control|        scalar|
|s_axi_control_AWADDR   |   in|    6|          s_axi|       control|        scalar|
|s_axi_control_WVALID   |   in|    1|          s_axi|       control|        scalar|
|s_axi_control_WREADY   |  out|    1|          s_axi|       control|        scalar|
|s_axi_control_WDATA    |   in|   32|          s_axi|       control|        scalar|
|s_axi_control_WSTRB    |   in|    4|          s_axi|       control|        scalar|
|s_axi_control_ARVALID  |   in|    1|          s_axi|       control|        scalar|
|s_axi_control_ARREADY  |  out|    1|          s_axi|       control|        scalar|
|s_axi_control_ARADDR   |   in|    6|          s_axi|       control|        scalar|
|s_axi_control_RVALID   |  out|    1|          s_axi|       control|        scalar|
|s_axi_control_RREADY   |   in|    1|          s_axi|       control|        scalar|
|s_axi_control_RDATA    |  out|   32|          s_axi|       control|        scalar|
|s_axi_control_RRESP    |  out|    2|          s_axi|       control|        scalar|
|s_axi_control_BVALID   |  out|    1|          s_axi|       control|        scalar|
|s_axi_control_BREADY   |   in|    1|          s_axi|       control|        scalar|
|s_axi_control_BRESP    |  out|    2|          s_axi|       control|        scalar|
|ap_local_block         |  out|    1|  ap_ctrl_chain|   dot_prod_2b|  return value|
|ap_clk                 |   in|    1|  ap_ctrl_chain|   dot_prod_2b|  return value|
|ap_rst_n               |   in|    1|  ap_ctrl_chain|   dot_prod_2b|  return value|
|event_done             |  out|    1|  ap_ctrl_chain|   dot_prod_2b|  return value|
|interrupt              |  out|    1|  ap_ctrl_chain|   dot_prod_2b|  return value|
|event_start            |  out|    1|  ap_ctrl_chain|   dot_prod_2b|  return value|
|stall_start_ext        |  out|    1|  ap_ctrl_chain|   dot_prod_2b|  return value|
|stall_done_ext         |  out|    1|  ap_ctrl_chain|   dot_prod_2b|  return value|
|stall_start_str        |  out|    1|  ap_ctrl_chain|   dot_prod_2b|  return value|
|stall_done_str         |  out|    1|  ap_ctrl_chain|   dot_prod_2b|  return value|
|stall_start_int        |  out|    1|  ap_ctrl_chain|   dot_prod_2b|  return value|
|stall_done_int         |  out|    1|  ap_ctrl_chain|   dot_prod_2b|  return value|
|m_axi_gmem_AWVALID     |  out|    1|          m_axi|          gmem|       pointer|
|m_axi_gmem_AWREADY     |   in|    1|          m_axi|          gmem|       pointer|
|m_axi_gmem_AWADDR      |  out|   64|          m_axi|          gmem|       pointer|
|m_axi_gmem_AWID        |  out|    1|          m_axi|          gmem|       pointer|
|m_axi_gmem_AWLEN       |  out|    8|          m_axi|          gmem|       pointer|
|m_axi_gmem_AWSIZE      |  out|    3|          m_axi|          gmem|       pointer|
|m_axi_gmem_AWBURST     |  out|    2|          m_axi|          gmem|       pointer|
|m_axi_gmem_AWLOCK      |  out|    2|          m_axi|          gmem|       pointer|
|m_axi_gmem_AWCACHE     |  out|    4|          m_axi|          gmem|       pointer|
|m_axi_gmem_AWPROT      |  out|    3|          m_axi|          gmem|       pointer|
|m_axi_gmem_AWQOS       |  out|    4|          m_axi|          gmem|       pointer|
|m_axi_gmem_AWREGION    |  out|    4|          m_axi|          gmem|       pointer|
|m_axi_gmem_AWUSER      |  out|    1|          m_axi|          gmem|       pointer|
|m_axi_gmem_WVALID      |  out|    1|          m_axi|          gmem|       pointer|
|m_axi_gmem_WREADY      |   in|    1|          m_axi|          gmem|       pointer|
|m_axi_gmem_WDATA       |  out|  512|          m_axi|          gmem|       pointer|
|m_axi_gmem_WSTRB       |  out|   64|          m_axi|          gmem|       pointer|
|m_axi_gmem_WLAST       |  out|    1|          m_axi|          gmem|       pointer|
|m_axi_gmem_WID         |  out|    1|          m_axi|          gmem|       pointer|
|m_axi_gmem_WUSER       |  out|    1|          m_axi|          gmem|       pointer|
|m_axi_gmem_ARVALID     |  out|    1|          m_axi|          gmem|       pointer|
|m_axi_gmem_ARREADY     |   in|    1|          m_axi|          gmem|       pointer|
|m_axi_gmem_ARADDR      |  out|   64|          m_axi|          gmem|       pointer|
|m_axi_gmem_ARID        |  out|    1|          m_axi|          gmem|       pointer|
|m_axi_gmem_ARLEN       |  out|    8|          m_axi|          gmem|       pointer|
|m_axi_gmem_ARSIZE      |  out|    3|          m_axi|          gmem|       pointer|
|m_axi_gmem_ARBURST     |  out|    2|          m_axi|          gmem|       pointer|
|m_axi_gmem_ARLOCK      |  out|    2|          m_axi|          gmem|       pointer|
|m_axi_gmem_ARCACHE     |  out|    4|          m_axi|          gmem|       pointer|
|m_axi_gmem_ARPROT      |  out|    3|          m_axi|          gmem|       pointer|
|m_axi_gmem_ARQOS       |  out|    4|          m_axi|          gmem|       pointer|
|m_axi_gmem_ARREGION    |  out|    4|          m_axi|          gmem|       pointer|
|m_axi_gmem_ARUSER      |  out|    1|          m_axi|          gmem|       pointer|
|m_axi_gmem_RVALID      |   in|    1|          m_axi|          gmem|       pointer|
|m_axi_gmem_RREADY      |  out|    1|          m_axi|          gmem|       pointer|
|m_axi_gmem_RDATA       |   in|  512|          m_axi|          gmem|       pointer|
|m_axi_gmem_RLAST       |   in|    1|          m_axi|          gmem|       pointer|
|m_axi_gmem_RID         |   in|    1|          m_axi|          gmem|       pointer|
|m_axi_gmem_RUSER       |   in|    1|          m_axi|          gmem|       pointer|
|m_axi_gmem_RRESP       |   in|    2|          m_axi|          gmem|       pointer|
|m_axi_gmem_BVALID      |   in|    1|          m_axi|          gmem|       pointer|
|m_axi_gmem_BREADY      |  out|    1|          m_axi|          gmem|       pointer|
|m_axi_gmem_BRESP       |   in|    2|          m_axi|          gmem|       pointer|
|m_axi_gmem_BID         |   in|    1|          m_axi|          gmem|       pointer|
|m_axi_gmem_BUSER       |   in|    1|          m_axi|          gmem|       pointer|
+-----------------------+-----+-----+---------------+--------------+--------------+

